        -:    0:Source:dominion.c
        -:    0:Graph:dominion.gcno
        -:    0:Data:dominion.gcda
        -:    0:Runs:1
        -:    0:Programs:1
        -:    1:#include "dominion.h"
        -:    2:#include "dominion_helpers.h"
        -:    3:#include "rngs.h"
        -:    4:#include <stdio.h>
        -:    5:#include <math.h>
        -:    6:#include <stdlib.h>
        -:    7:
        -:    8:/*************************************************************
        -:    9: * REFACTORED CARDS
        -:   10:*************************************************************/ 
        -:   11:
        -:   12://Adventurer Card Function
function adventurerCard called 5000 returned 100% blocks executed 94%
     5000:   13:int adventurerCard(struct gameState *state, int *temphand, int currentPlayer){ 
        -:   14:      int cardDrawn;
     5000:   15:      int drawntreasure = 0;
     5000:   16:      int z = 0;      
        -:   17:
    36049:   18:      while(drawntreasure<2){	//bug from assignment two repaired - 3 changed back to 2.
branch  0 taken 84%
branch  1 taken 16% (fallthrough)
    26049:   19:	if (state->deckCount[currentPlayer] <1){//if the deck is empty we need to shuffle discard and add to deck
branch  0 taken 0% (fallthrough)
branch  1 taken 100%
    #####:   20:	  shuffle(currentPlayer, state);
call    0 never executed
        -:   21:	}
    26049:   22:	drawCard(currentPlayer, state);
call    0 returned 100%
    26049:   23:	cardDrawn = state->hand[currentPlayer][state->handCount[currentPlayer]-1];//top card of hand is most recently drawn card.
    26049:   24:	if (cardDrawn == copper || cardDrawn == silver || cardDrawn == gold || cardDrawn == village) //a more settle bug introduced here - will occur less freqently.
branch  0 taken 88% (fallthrough)
branch  1 taken 12%
branch  2 taken 86% (fallthrough)
branch  3 taken 14%
branch  4 taken 87% (fallthrough)
branch  5 taken 13%
branch  6 taken 6% (fallthrough)
branch  7 taken 94%
    10000:   25:	  drawntreasure++;
        -:   26:	else{
    16049:   27:	  temphand[z]=cardDrawn;
    16049:   28:	  state->handCount[currentPlayer]--; //this should just remove the top card (the most recently drawn one).
    16049:   29:	  z++;
        -:   30:	}
        -:   31:      }
    26049:   32:      while(z-1>=0){
branch  0 taken 76%
branch  1 taken 24% (fallthrough)
    16049:   33:	state->discard[currentPlayer][state->discardCount[currentPlayer]++]=temphand[z-1]; // discard all cards in play that have been drawn
    16049:   34:	z=z-1;
        -:   35:      }
     5000:   36:      return 0;
        -:   37:}
        -:   38:
        -:   39://Smithy Card Function
function smithyCard called 0 returned 0% blocks executed 0%
    #####:   40:int smithyCard(struct gameState *state, int currentPlayer, int handPos){
        -:   41:      //+3 Cards
        -:   42:      int i;
    #####:   43:      for (i = 0; i < 5; i++)	//TODO: CHANGED 3 TO 5 - BUG INTRODUCTED HERE
branch  0 never executed
branch  1 never executed
        -:   44:	{
    #####:   45:	  drawCard(currentPlayer, state);
call    0 never executed
        -:   46:	}
        -:   47:			
        -:   48:      //discard card from hand
    #####:   49:      discardCard(handPos, currentPlayer, state, 0);
call    0 never executed
    #####:   50:      return 0;
        -:   51:}
        -:   52:
        -:   53://Village Card Function
function villageCard called 0 returned 0% blocks executed 0%
    #####:   54:int villageCard(struct gameState *state, int currentPlayer, int handPos){
        -:   55:
        -:   56:      //+1 Card
    #####:   57:      drawCard(currentPlayer, state);
call    0 never executed
        -:   58:		
        -:   59:      //+2 Actions
    #####:   60:      state->numActions = state->numActions + 3;	//TODO: CHANGED THE NUMBER OF ACTIONS FROM 2 TO 3
        -:   61:			
        -:   62:      //discard played card from hand
    #####:   63:      discardCard(handPos, currentPlayer, state, 0);
call    0 never executed
    #####:   64:      return 0;
        -:   65:}
        -:   66:  
        -:   67://Great Hall Card Function    
function greatHallCard called 0 returned 0% blocks executed 0%
    #####:   68:int greatHallCard(struct gameState *state, int currentPlayer, int handPos){
        -:   69:      //+1 Card
    #####:   70:      drawCard(currentPlayer, state);
call    0 never executed
    #####:   71:      drawCard(currentPlayer, state);		//TODO: BUG INTRODUCED HERE - SECOND drawcard function induced inappropriate gameplay functionality.
call    0 never executed
        -:   72:
        -:   73:      //+1 Actions
    #####:   74:      state->numActions++;
        -:   75:			
        -:   76:      //discard card from hand
    #####:   77:      discardCard(handPos, currentPlayer, state, 0);
call    0 never executed
    #####:   78:      return 0;
        -:   79:}
        -:   80:
        -:   81://Council Room Card Function
function councilRoomCard called 0 returned 0% blocks executed 0%
    #####:   82:int councilRoomCard(struct gameState *state, int currentPlayer, int handPos){
        -:   83:      int i;
        -:   84:      //+4 Cards
    #####:   85:      for (i = 0; i < 4; i++)
branch  0 never executed
branch  1 never executed
        -:   86:	{
    #####:   87:	  drawCard(currentPlayer, state);
call    0 never executed
        -:   88:	}
        -:   89:			
        -:   90:      //+1 Buy
    #####:   91:      state->numBuys++;
        -:   92:			
        -:   93:      //Each other player draws a card
    #####:   94:      for (i = 0; i < state->numPlayers; i++)
branch  0 never executed
branch  1 never executed
        -:   95:	{
    #####:   96:	  if ( i != currentPlayer )
branch  0 never executed
branch  1 never executed
        -:   97:	    {
    #####:   98:	      drawCard(i, state);
call    0 never executed
        -:   99:	    }
        -:  100:	}
        -:  101:			
        -:  102:      //put played card in played card pile
    #####:  103:      discardCard(handPos, currentPlayer, state, 0);
call    0 never executed
        -:  104:			
    #####:  105:      return 0;
        -:  106:}
        -:  107:
        -:  108:/************************************************************
        -:  109:* END REFACTORING CHANGES
        -:  110:************************************************************/
        -:  111:
function compare called 150000 returned 100% blocks executed 83%
   150000:  112:int compare(const void* a, const void* b) {
   150000:  113:  if (*(int*)a > *(int*)b)
branch  0 taken 0% (fallthrough)
branch  1 taken 100%
    #####:  114:    return 1;
   150000:  115:  if (*(int*)a < *(int*)b)
branch  0 taken 27% (fallthrough)
branch  1 taken 73%
    40000:  116:    return -1;
   110000:  117:  return 0;
        -:  118:}
        -:  119:
function newGame called 0 returned 0% blocks executed 0%
    #####:  120:struct gameState* newGame() {
    #####:  121:  struct gameState* g = malloc(sizeof(struct gameState));
    #####:  122:  return g;
        -:  123:}
        -:  124:
function kingdomCards called 0 returned 0% blocks executed 0%
    #####:  125:int* kingdomCards(int k1, int k2, int k3, int k4, int k5, int k6, int k7,
        -:  126:		  int k8, int k9, int k10) {
    #####:  127:  int* k = malloc(10 * sizeof(int));
    #####:  128:  k[0] = k1;
    #####:  129:  k[1] = k2;
    #####:  130:  k[2] = k3;
    #####:  131:  k[3] = k4;
    #####:  132:  k[4] = k5;
    #####:  133:  k[5] = k6;
    #####:  134:  k[6] = k7;
    #####:  135:  k[7] = k8;
    #####:  136:  k[8] = k9;
    #####:  137:  k[9] = k10;
    #####:  138:  return k;
        -:  139:}
        -:  140:
function initializeGame called 5000 returned 100% blocks executed 88%
     5000:  141:int initializeGame(int numPlayers, int kingdomCards[10], int randomSeed,
        -:  142:		   struct gameState *state) {
        -:  143:
        -:  144:  int i;
        -:  145:  int j;
        -:  146:  int it;			
        -:  147:  //set up random number generator
     5000:  148:  SelectStream(1);
call    0 returned 100%
     5000:  149:  PutSeed((long)randomSeed);
call    0 returned 100%
        -:  150:  
        -:  151:  //check number of players
     5000:  152:  if (numPlayers > MAX_PLAYERS || numPlayers < 2)
branch  0 taken 100% (fallthrough)
branch  1 taken 0%
branch  2 taken 0% (fallthrough)
branch  3 taken 100%
        -:  153:    {
    #####:  154:      return -1;
        -:  155:    }
        -:  156:
        -:  157:  //set number of players
     5000:  158:  state->numPlayers = numPlayers;
        -:  159:
        -:  160:  //check selected kingdom cards are different
    55000:  161:  for (i = 0; i < 10; i++)
branch  0 taken 91%
branch  1 taken 9% (fallthrough)
        -:  162:    {
   550000:  163:      for (j = 0; j < 10; j++)
branch  0 taken 91%
branch  1 taken 9% (fallthrough)
        -:  164:        {
   500000:  165:	  if (j != i && kingdomCards[j] == kingdomCards[i])
branch  0 taken 90% (fallthrough)
branch  1 taken 10%
branch  2 taken 0% (fallthrough)
branch  3 taken 100%
        -:  166:	    {
    #####:  167:	      return -1;
        -:  168:	    }
        -:  169:        }
        -:  170:    }
        -:  171:
        -:  172:
        -:  173:  //initialize supply
        -:  174:  ///////////////////////////////
        -:  175:
        -:  176:  //set number of Curse cards
     5000:  177:  if (numPlayers == 2)
branch  0 taken 100% (fallthrough)
branch  1 taken 0%
        -:  178:    {
     5000:  179:      state->supplyCount[curse] = 10;
        -:  180:    }
    #####:  181:  else if (numPlayers == 3)
branch  0 never executed
branch  1 never executed
        -:  182:    {
    #####:  183:      state->supplyCount[curse] = 20;
        -:  184:    }
        -:  185:  else
        -:  186:    {
    #####:  187:      state->supplyCount[curse] = 30;
        -:  188:    }
        -:  189:
        -:  190:  //set number of Victory cards
     5000:  191:  if (numPlayers == 2)
branch  0 taken 100% (fallthrough)
branch  1 taken 0%
        -:  192:    {
     5000:  193:      state->supplyCount[estate] = 8;
     5000:  194:      state->supplyCount[duchy] = 8;
     5000:  195:      state->supplyCount[province] = 8;
        -:  196:    }
        -:  197:  else
        -:  198:    {
    #####:  199:      state->supplyCount[estate] = 12;
    #####:  200:      state->supplyCount[duchy] = 12;
    #####:  201:      state->supplyCount[province] = 12;
        -:  202:    }
        -:  203:
        -:  204:  //set number of Treasure cards
     5000:  205:  state->supplyCount[copper] = 60 - (7 * numPlayers);
     5000:  206:  state->supplyCount[silver] = 40;
     5000:  207:  state->supplyCount[gold] = 30;
        -:  208:
        -:  209:  //set number of Kingdom cards
   105000:  210:  for (i = adventurer; i <= treasure_map; i++)       	//loop all cards
branch  0 taken 95%
branch  1 taken 5% (fallthrough)
        -:  211:    {
   825000:  212:      for (j = 0; j < 10; j++)           		//loop chosen cards
branch  0 taken 94%
branch  1 taken 6% (fallthrough)
        -:  213:	{
   775000:  214:	  if (kingdomCards[j] == i)
branch  0 taken 6% (fallthrough)
branch  1 taken 94%
        -:  215:	    {
        -:  216:	      //check if card is a 'Victory' Kingdom card
    50000:  217:	      if (kingdomCards[j] == great_hall || kingdomCards[j] == gardens)
branch  0 taken 90% (fallthrough)
branch  1 taken 10%
branch  2 taken 11% (fallthrough)
branch  3 taken 89%
        -:  218:		{
    20000:  219:		  if (numPlayers == 2){ 
branch  0 taken 100% (fallthrough)
branch  1 taken 0%
    10000:  220:		    state->supplyCount[i] = 8; 
        -:  221:		  }
    #####:  222:		  else{ state->supplyCount[i] = 12; }
        -:  223:		}
        -:  224:	      else
        -:  225:		{
    40000:  226:		  state->supplyCount[i] = 10;
        -:  227:		}
    50000:  228:	      break;
        -:  229:	    }
        -:  230:	  else    //card is not in the set choosen for the game
        -:  231:	    {
   725000:  232:	      state->supplyCount[i] = -1;
        -:  233:	    }
        -:  234:	}
        -:  235:
        -:  236:    }
        -:  237:
        -:  238:  ////////////////////////
        -:  239:  //supply intilization complete
        -:  240:
        -:  241:  //set player decks
    15000:  242:  for (i = 0; i < numPlayers; i++)
branch  0 taken 67%
branch  1 taken 33% (fallthrough)
        -:  243:    {
    10000:  244:      state->deckCount[i] = 0;
    40000:  245:      for (j = 0; j < 3; j++)
branch  0 taken 75%
branch  1 taken 25% (fallthrough)
        -:  246:	{
    30000:  247:	  state->deck[i][j] = estate;
    30000:  248:	  state->deckCount[i]++;
        -:  249:	}
    80000:  250:      for (j = 3; j < 10; j++)
branch  0 taken 88%
branch  1 taken 13% (fallthrough)
        -:  251:	{
    70000:  252:	  state->deck[i][j] = copper;
    70000:  253:	  state->deckCount[i]++;		
        -:  254:	}
        -:  255:    }
        -:  256:
        -:  257:  //shuffle player decks
    15000:  258:  for (i = 0; i < numPlayers; i++)
branch  0 taken 67%
branch  1 taken 33% (fallthrough)
        -:  259:    {
    10000:  260:      if ( shuffle(i, state) < 0 )
call    0 returned 100%
branch  1 taken 0% (fallthrough)
branch  2 taken 100%
        -:  261:	{
    #####:  262:	  return -1;
        -:  263:	}
        -:  264:    }
        -:  265:
        -:  266:  //draw player hands
    15000:  267:  for (i = 0; i < numPlayers; i++)
branch  0 taken 67%
branch  1 taken 33% (fallthrough)
        -:  268:    {  
        -:  269:      //initialize hand size to zero
    10000:  270:      state->handCount[i] = 0;
    10000:  271:      state->discardCount[i] = 0;
        -:  272:      //draw 5 cards
        -:  273:      // for (j = 0; j < 5; j++)
        -:  274:      //	{
        -:  275:      //	  drawCard(i, state);
        -:  276:      //	}
        -:  277:    }
        -:  278:  
        -:  279:  //set embargo tokens to 0 for all supply piles
   140000:  280:  for (i = 0; i <= treasure_map; i++)
branch  0 taken 96%
branch  1 taken 4% (fallthrough)
        -:  281:    {
   135000:  282:      state->embargoTokens[i] = 0;
        -:  283:    }
        -:  284:
        -:  285:  //initialize first player's turn
     5000:  286:  state->outpostPlayed = 0;
     5000:  287:  state->phase = 0;
     5000:  288:  state->numActions = 1;
     5000:  289:  state->numBuys = 1;
     5000:  290:  state->playedCardCount = 0;
     5000:  291:  state->whoseTurn = 0;
     5000:  292:  state->handCount[state->whoseTurn] = 0;
        -:  293:  //int it; move to top
        -:  294:
        -:  295:  //Moved draw cards to here, only drawing at the start of a turn
    30000:  296:  for (it = 0; it < 5; it++){
branch  0 taken 83%
branch  1 taken 17% (fallthrough)
    25000:  297:    drawCard(state->whoseTurn, state);
call    0 returned 100%
        -:  298:  }
        -:  299:
     5000:  300:  updateCoins(state->whoseTurn, state, 0);
call    0 returned 100%
        -:  301:
     5000:  302:  return 0;
        -:  303:}
        -:  304:
function shuffle called 10000 returned 100% blocks executed 94%
    10000:  305:int shuffle(int player, struct gameState *state) {
        -:  306: 
        -:  307:
        -:  308:  int newDeck[MAX_DECK];
    10000:  309:  int newDeckPos = 0;
        -:  310:  int card;
        -:  311:  int i;
        -:  312:
    10000:  313:  if (state->deckCount[player] < 1)
branch  0 taken 0% (fallthrough)
branch  1 taken 100%
    #####:  314:    return -1;
    10000:  315:  qsort ((void*)(state->deck[player]), state->deckCount[player], sizeof(int), compare); 
call    0 returned 100%
        -:  316:  /* SORT CARDS IN DECK TO ENSURE DETERMINISM! */
        -:  317:
   120000:  318:  while (state->deckCount[player] > 0) {
branch  0 taken 91%
branch  1 taken 9% (fallthrough)
   100000:  319:    card = floor(Random() * state->deckCount[player]);
call    0 returned 100%
   100000:  320:    newDeck[newDeckPos] = state->deck[player][card];
   100000:  321:    newDeckPos++;
   348448:  322:    for (i = card; i < state->deckCount[player]-1; i++) {
branch  0 taken 71%
branch  1 taken 29% (fallthrough)
   248448:  323:      state->deck[player][i] = state->deck[player][i+1];
        -:  324:    }
   100000:  325:    state->deckCount[player]--;
        -:  326:  }
   110000:  327:  for (i = 0; i < newDeckPos; i++) {
branch  0 taken 91%
branch  1 taken 9% (fallthrough)
   100000:  328:    state->deck[player][i] = newDeck[i];
   100000:  329:    state->deckCount[player]++;
        -:  330:  }
        -:  331:
    10000:  332:  return 0;
        -:  333:}
        -:  334:
function playCard called 0 returned 0% blocks executed 0%
    #####:  335:int playCard(int handPos, int choice1, int choice2, int choice3, struct gameState *state) 
        -:  336:{	
        -:  337:  int card;
    #####:  338:  int coin_bonus = 0; 		//tracks coins gain from actions
        -:  339:
        -:  340:  //check if it is the right phase
    #####:  341:  if (state->phase != 0)
branch  0 never executed
branch  1 never executed
        -:  342:    {
    #####:  343:      return -1;
        -:  344:    }
        -:  345:	
        -:  346:  //check if player has enough actions
    #####:  347:  if ( state->numActions < 1 )
branch  0 never executed
branch  1 never executed
        -:  348:    {
    #####:  349:      return -1;
        -:  350:    }
        -:  351:	
        -:  352:  //get card played
    #####:  353:  card = handCard(handPos, state);
call    0 never executed
        -:  354:	
        -:  355:  //check if selected card is an action
    #####:  356:  if ( card < adventurer || card > treasure_map )
branch  0 never executed
branch  1 never executed
branch  2 never executed
branch  3 never executed
        -:  357:    {
    #####:  358:      return -1;
        -:  359:    }
        -:  360:	
        -:  361:  //play card
    #####:  362:  if ( cardEffect(card, choice1, choice2, choice3, state, handPos, &coin_bonus) < 0 )
call    0 never executed
branch  1 never executed
branch  2 never executed
        -:  363:    {
    #####:  364:      return -1;
        -:  365:    }
        -:  366:	
        -:  367:  //reduce number of actions
    #####:  368:  state->numActions--;
        -:  369:
        -:  370:  //update coins (Treasure cards may be added with card draws)
    #####:  371:  updateCoins(state->whoseTurn, state, coin_bonus);
call    0 never executed
        -:  372:	
    #####:  373:  return 0;
        -:  374:}
        -:  375:
function buyCard called 0 returned 0% blocks executed 0%
    #####:  376:int buyCard(int supplyPos, struct gameState *state) {
        -:  377:  int who;
        -:  378:  if (DEBUG){
        -:  379:    printf("Entering buyCard...\n");
        -:  380:  }
        -:  381:
        -:  382:  // I don't know what to do about the phase thing.
        -:  383:
    #####:  384:  who = state->whoseTurn;
        -:  385:
    #####:  386:  if (state->numBuys < 1){
branch  0 never executed
branch  1 never executed
        -:  387:    if (DEBUG)
        -:  388:      printf("You do not have any buys left\n");
    #####:  389:    return -1;
    #####:  390:  } else if (supplyCount(supplyPos, state) <1){
call    0 never executed
branch  1 never executed
branch  2 never executed
        -:  391:    if (DEBUG)
        -:  392:      printf("There are not any of that type of card left\n");
    #####:  393:    return -1;
    #####:  394:  } else if (state->coins < getCost(supplyPos)){
call    0 never executed
branch  1 never executed
branch  2 never executed
        -:  395:    if (DEBUG) 
        -:  396:      printf("You do not have enough money to buy that. You have %d coins.\n", state->coins);
    #####:  397:    return -1;
        -:  398:  } else {
    #####:  399:    state->phase=1;
        -:  400:    //state->supplyCount[supplyPos]--;
    #####:  401:    gainCard(supplyPos, state, 0, who); //card goes in discard, this might be wrong.. (2 means goes into hand, 0 goes into discard)
call    0 never executed
        -:  402:  
    #####:  403:    state->coins = (state->coins) - (getCost(supplyPos));
call    0 never executed
    #####:  404:    state->numBuys--;
        -:  405:    if (DEBUG)
        -:  406:      printf("You bought card number %d for %d coins. You now have %d buys and %d coins.\n", supplyPos, getCost(supplyPos), state->numBuys, state->coins);
        -:  407:  }
        -:  408:
        -:  409:  //state->discard[who][state->discardCount[who]] = supplyPos;
        -:  410:  //state->discardCount[who]++;
        -:  411:    
    #####:  412:  return 0;
        -:  413:}
        -:  414:
function numHandCards called 0 returned 0% blocks executed 0%
    #####:  415:int numHandCards(struct gameState *state) {
    #####:  416:  return state->handCount[ whoseTurn(state) ];
call    0 never executed
        -:  417:}
        -:  418:
function handCard called 0 returned 0% blocks executed 0%
    #####:  419:int handCard(int handPos, struct gameState *state) {
    #####:  420:  int currentPlayer = whoseTurn(state);
call    0 never executed
    #####:  421:  return state->hand[currentPlayer][handPos];
        -:  422:}
        -:  423:
function supplyCount called 0 returned 0% blocks executed 0%
    #####:  424:int supplyCount(int card, struct gameState *state) {
    #####:  425:  return state->supplyCount[card];
        -:  426:}
        -:  427:
function fullDeckCount called 0 returned 0% blocks executed 0%
    #####:  428:int fullDeckCount(int player, int card, struct gameState *state) {
        -:  429:  int i;
    #####:  430:  int count = 0;
        -:  431:
    #####:  432:  for (i = 0; i < state->deckCount[player]; i++)
branch  0 never executed
branch  1 never executed
        -:  433:    {
    #####:  434:      if (state->deck[player][i] == card) count++;
branch  0 never executed
branch  1 never executed
        -:  435:    }
        -:  436:
    #####:  437:  for (i = 0; i < state->handCount[player]; i++)
branch  0 never executed
branch  1 never executed
        -:  438:    {
    #####:  439:      if (state->hand[player][i] == card) count++;
branch  0 never executed
branch  1 never executed
        -:  440:    }
        -:  441:
    #####:  442:  for (i = 0; i < state->discardCount[player]; i++)
branch  0 never executed
branch  1 never executed
        -:  443:    {
    #####:  444:      if (state->discard[player][i] == card) count++;
branch  0 never executed
branch  1 never executed
        -:  445:    }
        -:  446:
    #####:  447:  return count;
        -:  448:}
        -:  449:
function whoseTurn called 0 returned 0% blocks executed 0%
    #####:  450:int whoseTurn(struct gameState *state) {
    #####:  451:  return state->whoseTurn;
        -:  452:}
        -:  453:
function endTurn called 0 returned 0% blocks executed 0%
    #####:  454:int endTurn(struct gameState *state) {
        -:  455:  int k;
        -:  456:  int i;
    #####:  457:  int currentPlayer = whoseTurn(state);
call    0 never executed
        -:  458:  
        -:  459:  //Discard hand
    #####:  460:  for (i = 0; i < state->handCount[currentPlayer]; i++){
branch  0 never executed
branch  1 never executed
    #####:  461:    state->discard[currentPlayer][state->discardCount[currentPlayer]++] = state->hand[currentPlayer][i];//Discard
    #####:  462:    state->hand[currentPlayer][i] = -1;//Set card to -1
        -:  463:  }
    #####:  464:  state->handCount[currentPlayer] = 0;//Reset hand count
        -:  465:    
        -:  466:  //Code for determining the player
    #####:  467:  if (currentPlayer < (state->numPlayers - 1)){ 
branch  0 never executed
branch  1 never executed
    #####:  468:    state->whoseTurn = currentPlayer + 1;//Still safe to increment
        -:  469:  }
        -:  470:  else{
    #####:  471:    state->whoseTurn = 0;//Max player has been reached, loop back around to player 1
        -:  472:  }
        -:  473:
    #####:  474:  state->outpostPlayed = 0;
    #####:  475:  state->phase = 0;
    #####:  476:  state->numActions = 1;
    #####:  477:  state->coins = 0;
    #####:  478:  state->numBuys = 1;
    #####:  479:  state->playedCardCount = 0;
    #####:  480:  state->handCount[state->whoseTurn] = 0;
        -:  481:
        -:  482:  //int k; move to top
        -:  483:  //Next player draws hand
    #####:  484:  for (k = 0; k < 5; k++){
branch  0 never executed
branch  1 never executed
    #####:  485:    drawCard(state->whoseTurn, state);//Draw a card
call    0 never executed
        -:  486:  }
        -:  487:
        -:  488:  //Update money
    #####:  489:  updateCoins(state->whoseTurn, state , 0);
call    0 never executed
        -:  490:
    #####:  491:  return 0;
        -:  492:}
        -:  493:
function isGameOver called 0 returned 0% blocks executed 0%
    #####:  494:int isGameOver(struct gameState *state) {
        -:  495:  int i;
        -:  496:  int j;
        -:  497:	
        -:  498:  //if stack of Province cards is empty, the game ends
    #####:  499:  if (state->supplyCount[province] == 0)
branch  0 never executed
branch  1 never executed
        -:  500:    {
    #####:  501:      return 1;
        -:  502:    }
        -:  503:
        -:  504:  //if three supply pile are at 0, the game ends
    #####:  505:  j = 0;
    #####:  506:  for (i = 0; i < 25; i++)
branch  0 never executed
branch  1 never executed
        -:  507:    {
    #####:  508:      if (state->supplyCount[i] == 0)
branch  0 never executed
branch  1 never executed
        -:  509:	{
    #####:  510:	  j++;
        -:  511:	}
        -:  512:    }
    #####:  513:  if ( j >= 3)
branch  0 never executed
branch  1 never executed
        -:  514:    {
    #####:  515:      return 1;
        -:  516:    }
        -:  517:
    #####:  518:  return 0;
        -:  519:}
        -:  520:
function scoreFor called 0 returned 0% blocks executed 0%
    #####:  521:int scoreFor (int player, struct gameState *state) {
        -:  522:
        -:  523:  int i;
    #####:  524:  int score = 0;
        -:  525:  //score from hand
    #####:  526:  for (i = 0; i < state->handCount[player]; i++)
branch  0 never executed
branch  1 never executed
        -:  527:    {
    #####:  528:      if (state->hand[player][i] == curse) { score = score - 1; };
branch  0 never executed
branch  1 never executed
    #####:  529:      if (state->hand[player][i] == estate) { score = score + 1; };
branch  0 never executed
branch  1 never executed
    #####:  530:      if (state->hand[player][i] == duchy) { score = score + 3; };
branch  0 never executed
branch  1 never executed
    #####:  531:      if (state->hand[player][i] == province) { score = score + 6; };
branch  0 never executed
branch  1 never executed
    #####:  532:      if (state->hand[player][i] == great_hall) { score = score + 1; };
branch  0 never executed
branch  1 never executed
    #####:  533:      if (state->hand[player][i] == gardens) { score = score + ( fullDeckCount(player, 0, state) / 10 ); };
branch  0 never executed
branch  1 never executed
call    2 never executed
        -:  534:    }
        -:  535:
        -:  536:  //score from discard
    #####:  537:  for (i = 0; i < state->discardCount[player]; i++)
branch  0 never executed
branch  1 never executed
        -:  538:    {
    #####:  539:      if (state->discard[player][i] == curse) { score = score - 1; };
branch  0 never executed
branch  1 never executed
    #####:  540:      if (state->discard[player][i] == estate) { score = score + 1; };
branch  0 never executed
branch  1 never executed
    #####:  541:      if (state->discard[player][i] == duchy) { score = score + 3; };
branch  0 never executed
branch  1 never executed
    #####:  542:      if (state->discard[player][i] == province) { score = score + 6; };
branch  0 never executed
branch  1 never executed
    #####:  543:      if (state->discard[player][i] == great_hall) { score = score + 1; };
branch  0 never executed
branch  1 never executed
    #####:  544:      if (state->discard[player][i] == gardens) { score = score + ( fullDeckCount(player, 0, state) / 10 ); };
branch  0 never executed
branch  1 never executed
call    2 never executed
        -:  545:    }
        -:  546:
        -:  547:  //score from deck
    #####:  548:  for (i = 0; i < state->discardCount[player]; i++)
branch  0 never executed
branch  1 never executed
        -:  549:    {
    #####:  550:      if (state->deck[player][i] == curse) { score = score - 1; };
branch  0 never executed
branch  1 never executed
    #####:  551:      if (state->deck[player][i] == estate) { score = score + 1; };
branch  0 never executed
branch  1 never executed
    #####:  552:      if (state->deck[player][i] == duchy) { score = score + 3; };
branch  0 never executed
branch  1 never executed
    #####:  553:      if (state->deck[player][i] == province) { score = score + 6; };
branch  0 never executed
branch  1 never executed
    #####:  554:      if (state->deck[player][i] == great_hall) { score = score + 1; };
branch  0 never executed
branch  1 never executed
    #####:  555:      if (state->deck[player][i] == gardens) { score = score + ( fullDeckCount(player, 0, state) / 10 ); };
branch  0 never executed
branch  1 never executed
call    2 never executed
        -:  556:    }
        -:  557:
    #####:  558:  return score;
        -:  559:}
        -:  560:
function getWinners called 0 returned 0% blocks executed 0%
    #####:  561:int getWinners(int players[MAX_PLAYERS], struct gameState *state) {
        -:  562:  int i;	
        -:  563:  int j;
        -:  564:  int highScore;
        -:  565:  int currentPlayer;
        -:  566:
        -:  567:  //get score for each player
    #####:  568:  for (i = 0; i < MAX_PLAYERS; i++)
branch  0 never executed
branch  1 never executed
        -:  569:    {
        -:  570:      //set unused player scores to -9999
    #####:  571:      if (i >= state->numPlayers)
branch  0 never executed
branch  1 never executed
        -:  572:	{
    #####:  573:	  players[i] = -9999;
        -:  574:	}
        -:  575:      else
        -:  576:	{
    #####:  577:	  players[i] = scoreFor (i, state);
call    0 never executed
        -:  578:	}
        -:  579:    }
        -:  580:
        -:  581:  //find highest score
    #####:  582:  j = 0;
    #####:  583:  for (i = 0; i < MAX_PLAYERS; i++)
branch  0 never executed
branch  1 never executed
        -:  584:    {
    #####:  585:      if (players[i] > players[j])
branch  0 never executed
branch  1 never executed
        -:  586:	{
    #####:  587:	  j = i;
        -:  588:	}
        -:  589:    }
    #####:  590:  highScore = players[j];
        -:  591:
        -:  592:  //add 1 to players who had less turns
    #####:  593:  currentPlayer = whoseTurn(state);
call    0 never executed
    #####:  594:  for (i = 0; i < MAX_PLAYERS; i++)
branch  0 never executed
branch  1 never executed
        -:  595:    {
    #####:  596:      if ( players[i] == highScore && i > currentPlayer )
branch  0 never executed
branch  1 never executed
branch  2 never executed
branch  3 never executed
        -:  597:	{
    #####:  598:	  players[i]++;
        -:  599:	}
        -:  600:    }
        -:  601:
        -:  602:  //find new highest score
    #####:  603:  j = 0;
    #####:  604:  for (i = 0; i < MAX_PLAYERS; i++)
branch  0 never executed
branch  1 never executed
        -:  605:    {
    #####:  606:      if ( players[i] > players[j] )
branch  0 never executed
branch  1 never executed
        -:  607:	{
    #####:  608:	  j = i;
        -:  609:	}
        -:  610:    }
    #####:  611:  highScore = players[j];
        -:  612:
        -:  613:  //set winners in array to 1 and rest to 0
    #####:  614:  for (i = 0; i < MAX_PLAYERS; i++)
branch  0 never executed
branch  1 never executed
        -:  615:    {
    #####:  616:      if ( players[i] == highScore )
branch  0 never executed
branch  1 never executed
        -:  617:	{
    #####:  618:	  players[i] = 1;
        -:  619:	}
        -:  620:      else
        -:  621:	{
    #####:  622:	  players[i] = 0;
        -:  623:	}
        -:  624:    }
        -:  625:
    #####:  626:  return 0;
        -:  627:}
        -:  628:
function drawCard called 51049 returned 100% blocks executed 38%
    51049:  629:int drawCard(int player, struct gameState *state)
        -:  630:{	int count;
        -:  631:  int deckCounter;
    51049:  632:  if (state->deckCount[player] <= 0){//Deck is empty
branch  0 taken 0% (fallthrough)
branch  1 taken 100%
        -:  633:    
        -:  634:    //Step 1 Shuffle the discard pile back into a deck
        -:  635:    int i;
        -:  636:    //Move discard to deck
    #####:  637:    for (i = 0; i < state->discardCount[player];i++){
branch  0 never executed
branch  1 never executed
    #####:  638:      state->deck[player][i] = state->discard[player][i];
    #####:  639:      state->discard[player][i] = -1;
        -:  640:    }
        -:  641:
    #####:  642:    state->deckCount[player] = state->discardCount[player];
    #####:  643:    state->discardCount[player] = 0;//Reset discard
        -:  644:
        -:  645:    //Shufffle the deck
    #####:  646:    shuffle(player, state);//Shuffle the deck up and make it so that we can draw
call    0 never executed
        -:  647:   
        -:  648:    if (DEBUG){//Debug statements
        -:  649:      printf("Deck count now: %d\n", state->deckCount[player]);
        -:  650:    }
        -:  651:    
    #####:  652:    state->discardCount[player] = 0;
        -:  653:
        -:  654:    //Step 2 Draw Card
    #####:  655:    count = state->handCount[player];//Get current player's hand count
        -:  656:    
        -:  657:    if (DEBUG){//Debug statements
        -:  658:      printf("Current hand count: %d\n", count);
        -:  659:    }
        -:  660:    
    #####:  661:    deckCounter = state->deckCount[player];//Create a holder for the deck count
        -:  662:
    #####:  663:    if (deckCounter == 0)
branch  0 never executed
branch  1 never executed
    #####:  664:      return -1;
        -:  665:
    #####:  666:    state->hand[player][count] = state->deck[player][deckCounter - 1];//Add card to hand
    #####:  667:    state->deckCount[player]--;
    #####:  668:    state->handCount[player]++;//Increment hand count
        -:  669:  }
        -:  670:
        -:  671:  else{
    51049:  672:    int count = state->handCount[player];//Get current hand count for player
        -:  673:    int deckCounter;
        -:  674:    if (DEBUG){//Debug statements
        -:  675:      printf("Current hand count: %d\n", count);
        -:  676:    }
        -:  677:
    51049:  678:    deckCounter = state->deckCount[player];//Create holder for the deck count
    51049:  679:    state->hand[player][count] = state->deck[player][deckCounter - 1];//Add card to the hand
    51049:  680:    state->deckCount[player]--;
    51049:  681:    state->handCount[player]++;//Increment hand count
        -:  682:  }
        -:  683:
    51049:  684:  return 0;
        -:  685:}
        -:  686:
function getCost called 0 returned 0% blocks executed 0%
    #####:  687:int getCost(int cardNumber)
        -:  688:{
    #####:  689:  switch( cardNumber ) 
branch  0 never executed
branch  1 never executed
branch  2 never executed
branch  3 never executed
branch  4 never executed
branch  5 never executed
branch  6 never executed
branch  7 never executed
branch  8 never executed
branch  9 never executed
branch 10 never executed
branch 11 never executed
branch 12 never executed
branch 13 never executed
branch 14 never executed
branch 15 never executed
branch 16 never executed
branch 17 never executed
branch 18 never executed
branch 19 never executed
branch 20 never executed
branch 21 never executed
branch 22 never executed
branch 23 never executed
branch 24 never executed
branch 25 never executed
branch 26 never executed
branch 27 never executed
        -:  690:    {
        -:  691:    case curse:
    #####:  692:      return 0;
        -:  693:    case estate:
    #####:  694:      return 2;
        -:  695:    case duchy:
    #####:  696:      return 5;
        -:  697:    case province:
    #####:  698:      return 8;
        -:  699:    case copper:
    #####:  700:      return 0;
        -:  701:    case silver:
    #####:  702:      return 3;
        -:  703:    case gold:
    #####:  704:      return 6;
        -:  705:    case adventurer:
    #####:  706:      return 6;
        -:  707:    case council_room:
    #####:  708:      return 5;
        -:  709:    case feast:
    #####:  710:      return 4;
        -:  711:    case gardens:
    #####:  712:      return 4;
        -:  713:    case mine:
    #####:  714:      return 5;
        -:  715:    case remodel:
    #####:  716:      return 4;
        -:  717:    case smithy:
    #####:  718:      return 4;
        -:  719:    case village:
    #####:  720:      return 3;
        -:  721:    case baron:
    #####:  722:      return 4;
        -:  723:    case great_hall:
    #####:  724:      return 3;
        -:  725:    case minion:
    #####:  726:      return 5;
        -:  727:    case steward:
    #####:  728:      return 3;
        -:  729:    case tribute:
    #####:  730:      return 5;
        -:  731:    case ambassador:
    #####:  732:      return 3;
        -:  733:    case cutpurse:
    #####:  734:      return 4;
        -:  735:    case embargo: 
    #####:  736:      return 2;
        -:  737:    case outpost:
    #####:  738:      return 5;
        -:  739:    case salvager:
    #####:  740:      return 4;
        -:  741:    case sea_hag:
    #####:  742:      return 4;
        -:  743:    case treasure_map:
    #####:  744:      return 4;
        -:  745:    }
        -:  746:	
    #####:  747:  return -1;
        -:  748:}
        -:  749:
function cardEffect called 0 returned 0% blocks executed 0%
    #####:  750:int cardEffect(int card, int choice1, int choice2, int choice3, struct gameState *state, int handPos, int *bonus)
        -:  751:{
        -:  752:  int i;
        -:  753:  int j;
        -:  754:  int k;
        -:  755:  int x;
        -:  756:  int index;
    #####:  757:  int currentPlayer = whoseTurn(state);
call    0 never executed
    #####:  758:  int nextPlayer = currentPlayer + 1;
        -:  759:
    #####:  760:  int tributeRevealedCards[2] = {-1, -1};
        -:  761:  int temphand[MAX_HAND];// moved above the if statement
        -:  762:
        -:  763:  //These three variables were moved to the refactored adventure card code.
        -:  764:  //-------------------------
        -:  765:  //int drawntreasure=0;	
        -:  766:  //int cardDrawn;
        -:  767:  //int z = 0;// this is the counter for the temp hand
        -:  768:  //-------------------------
        -:  769:
    #####:  770:  if (nextPlayer > (state->numPlayers - 1)){
branch  0 never executed
branch  1 never executed
    #####:  771:    nextPlayer = 0;
        -:  772:  }
        -:  773:  
        -:  774:
        -:  775:  //uses switch to select card and perform actions
    #####:  776:  switch( card ) 
branch  0 never executed
branch  1 never executed
branch  2 never executed
branch  3 never executed
branch  4 never executed
branch  5 never executed
branch  6 never executed
branch  7 never executed
branch  8 never executed
branch  9 never executed
branch 10 never executed
branch 11 never executed
branch 12 never executed
branch 13 never executed
branch 14 never executed
branch 15 never executed
branch 16 never executed
branch 17 never executed
branch 18 never executed
branch 19 never executed
branch 20 never executed
        -:  777:    {
        -:  778:
        -:  779:    //REFACTORED
        -:  780:    case adventurer:
    #####:  781:      adventurerCard(state, temphand, currentPlayer);
call    0 never executed
    #####:  782:      return 0;
        -:  783:
        -:  784:    //REFACTORED			
        -:  785:    case council_room:
    #####:  786:      councilRoomCard(state, currentPlayer, handPos);
call    0 never executed
    #####:  787:      return 0; 
        -:  788:			
        -:  789:    case feast:
        -:  790:      //gain card with cost up to 5
        -:  791:      //Backup hand
    #####:  792:      for (i = 0; i <= state->handCount[currentPlayer]; i++){
branch  0 never executed
branch  1 never executed
    #####:  793:	temphand[i] = state->hand[currentPlayer][i];//Backup card
    #####:  794:	state->hand[currentPlayer][i] = -1;//Set to nothing
        -:  795:      }
        -:  796:      //Backup hand
        -:  797:
        -:  798:      //Update Coins for Buy
    #####:  799:      updateCoins(currentPlayer, state, 5);
call    0 never executed
    #####:  800:      x = 1;//Condition to loop on
    #####:  801:      while( x == 1) {//Buy one card
branch  0 never executed
branch  1 never executed
    #####:  802:	if (supplyCount(choice1, state) <= 0){
call    0 never executed
branch  1 never executed
branch  2 never executed
        -:  803:	  if (DEBUG)
        -:  804:	    printf("None of that card left, sorry!\n");
        -:  805:
        -:  806:	  if (DEBUG){
        -:  807:	    printf("Cards Left: %d\n", supplyCount(choice1, state));
        -:  808:	  }
        -:  809:	}
    #####:  810:	else if (state->coins < getCost(choice1)){
call    0 never executed
branch  1 never executed
branch  2 never executed
    #####:  811:	  printf("That card is too expensive!\n");
call    0 never executed
        -:  812:
        -:  813:	  if (DEBUG){
        -:  814:	    printf("Coins: %d < %d\n", state->coins, getCost(choice1));
        -:  815:	  }
        -:  816:	}
        -:  817:	else{
        -:  818:
        -:  819:	  if (DEBUG){
        -:  820:	    printf("Deck Count: %d\n", state->handCount[currentPlayer] + state->deckCount[currentPlayer] + state->discardCount[currentPlayer]);
        -:  821:	  }
        -:  822:
    #####:  823:	  gainCard(choice1, state, 0, currentPlayer);//Gain the card
call    0 never executed
    #####:  824:	  x = 0;//No more buying cards
        -:  825:
        -:  826:	  if (DEBUG){
        -:  827:	    printf("Deck Count: %d\n", state->handCount[currentPlayer] + state->deckCount[currentPlayer] + state->discardCount[currentPlayer]);
        -:  828:	  }
        -:  829:
        -:  830:	}
        -:  831:      }     
        -:  832:
        -:  833:      //Reset Hand
    #####:  834:      for (i = 0; i <= state->handCount[currentPlayer]; i++){
branch  0 never executed
branch  1 never executed
    #####:  835:	state->hand[currentPlayer][i] = temphand[i];
    #####:  836:	temphand[i] = -1;
        -:  837:      }
        -:  838:      //Reset Hand
        -:  839:      			
    #####:  840:      return 0;
        -:  841:			
        -:  842:    case gardens:
    #####:  843:      return -1;
        -:  844:			
        -:  845:    case mine:
    #####:  846:      j = state->hand[currentPlayer][choice1];  //store card we will trash
        -:  847:
    #####:  848:      if (state->hand[currentPlayer][choice1] < copper || state->hand[currentPlayer][choice1] > gold)
branch  0 never executed
branch  1 never executed
branch  2 never executed
branch  3 never executed
        -:  849:	{
    #####:  850:	  return -1;
        -:  851:	}
        -:  852:		
    #####:  853:      if (choice2 > treasure_map || choice2 < curse)
branch  0 never executed
branch  1 never executed
branch  2 never executed
branch  3 never executed
        -:  854:	{
    #####:  855:	  return -1;
        -:  856:	}
        -:  857:
    #####:  858:      if ( (getCost(state->hand[currentPlayer][choice1]) + 3) > getCost(choice2) )
call    0 never executed
call    1 never executed
branch  2 never executed
branch  3 never executed
        -:  859:	{
    #####:  860:	  return -1;
        -:  861:	}
        -:  862:
    #####:  863:      gainCard(choice2, state, 2, currentPlayer);
call    0 never executed
        -:  864:
        -:  865:      //discard card from hand
    #####:  866:      discardCard(handPos, currentPlayer, state, 0);
call    0 never executed
        -:  867:
        -:  868:      //discard trashed card
    #####:  869:      for (i = 0; i < state->handCount[currentPlayer]; i++)
branch  0 never executed
branch  1 never executed
        -:  870:	{
    #####:  871:	  if (state->hand[currentPlayer][i] == j)
branch  0 never executed
branch  1 never executed
        -:  872:	    {
    #####:  873:	      discardCard(i, currentPlayer, state, 0);			
call    0 never executed
    #####:  874:	      break;
        -:  875:	    }
        -:  876:	}
        -:  877:			
    #####:  878:      return 0;
        -:  879:			
        -:  880:    case remodel:
    #####:  881:      j = state->hand[currentPlayer][choice1];  //store card we will trash
        -:  882:
    #####:  883:      if ( (getCost(state->hand[currentPlayer][choice1]) + 2) > getCost(choice2) )
call    0 never executed
call    1 never executed
branch  2 never executed
branch  3 never executed
        -:  884:	{
    #####:  885:	  return -1;
        -:  886:	}
        -:  887:
    #####:  888:      gainCard(choice2, state, 0, currentPlayer);
call    0 never executed
        -:  889:
        -:  890:      //discard card from hand
    #####:  891:      discardCard(handPos, currentPlayer, state, 0);
call    0 never executed
        -:  892:
        -:  893:      //discard trashed card
    #####:  894:      for (i = 0; i < state->handCount[currentPlayer]; i++)
branch  0 never executed
branch  1 never executed
        -:  895:	{
    #####:  896:	  if (state->hand[currentPlayer][i] == j)
branch  0 never executed
branch  1 never executed
        -:  897:	    {
    #####:  898:	      discardCard(i, currentPlayer, state, 0);			
call    0 never executed
    #####:  899:	      break;
        -:  900:	    }
        -:  901:	}
        -:  902:
    #####:  903:      return 0;
        -:  904: 	
        -:  905:    //REFACTORED
        -:  906:    case smithy:
    #####:  907:      smithyCard(state, currentPlayer, handPos);
call    0 never executed
    #####:  908:      return 0;
        -:  909:
        -:  910:    //REFACTORED  	
        -:  911:    case village:
    #####:  912:      villageCard(state, currentPlayer, handPos);     
call    0 never executed
    #####:  913:      return 0;
        -:  914:
        -:  915:    case baron:
    #####:  916:      state->numBuys++;//Increase buys by 1!
    #####:  917:      if (choice1 > 0){//Boolean true or going to discard an estate
branch  0 never executed
branch  1 never executed
    #####:  918:	int p = 0;//Iterator for hand!
    #####:  919:	int card_not_discarded = 1;//Flag for discard set!
    #####:  920:	while(card_not_discarded){
branch  0 never executed
branch  1 never executed
    #####:  921:	  if (state->hand[currentPlayer][p] == estate){//Found an estate card!
branch  0 never executed
branch  1 never executed
    #####:  922:	    state->coins += 4;//Add 4 coins to the amount of coins
    #####:  923:	    state->discard[currentPlayer][state->discardCount[currentPlayer]] = state->hand[currentPlayer][p];
    #####:  924:	    state->discardCount[currentPlayer]++;
    #####:  925:	    for (;p < state->handCount[currentPlayer]; p++){
branch  0 never executed
branch  1 never executed
    #####:  926:	      state->hand[currentPlayer][p] = state->hand[currentPlayer][p+1];
        -:  927:	    }
    #####:  928:	    state->hand[currentPlayer][state->handCount[currentPlayer]] = -1;
    #####:  929:	    state->handCount[currentPlayer]--;
    #####:  930:	    card_not_discarded = 0;//Exit the loop
        -:  931:	  }
    #####:  932:	  else if (p > state->handCount[currentPlayer]){
branch  0 never executed
branch  1 never executed
        -:  933:	    if(DEBUG) {
        -:  934:	      printf("No estate cards in your hand, invalid choice\n");
        -:  935:	      printf("Must gain an estate if there are any\n");
        -:  936:	    }
    #####:  937:	    if (supplyCount(estate, state) > 0){
call    0 never executed
branch  1 never executed
branch  2 never executed
    #####:  938:	      gainCard(estate, state, 0, currentPlayer);
call    0 never executed
    #####:  939:	      state->supplyCount[estate]--;//Decrement estates
    #####:  940:	      if (supplyCount(estate, state) == 0){
call    0 never executed
branch  1 never executed
branch  2 never executed
    #####:  941:		isGameOver(state);
call    0 never executed
        -:  942:	      }
        -:  943:	    }
    #####:  944:	    card_not_discarded = 0;//Exit the loop
        -:  945:	  }
        -:  946:			    
        -:  947:	  else{
    #####:  948:	    p++;//Next card
        -:  949:	  }
        -:  950:	}
        -:  951:      }
        -:  952:			    
        -:  953:      else{
    #####:  954:	if (supplyCount(estate, state) > 0){
call    0 never executed
branch  1 never executed
branch  2 never executed
    #####:  955:	  gainCard(estate, state, 0, currentPlayer);//Gain an estate
call    0 never executed
    #####:  956:	  state->supplyCount[estate]--;//Decrement Estates
    #####:  957:	  if (supplyCount(estate, state) == 0){
call    0 never executed
branch  1 never executed
branch  2 never executed
    #####:  958:	    isGameOver(state);
call    0 never executed
        -:  959:	  }
        -:  960:	}
        -:  961:      }
        -:  962:	    
        -:  963:      
    #####:  964:      return 0;
        -:  965:
        -:  966:    //REFACTORED		
        -:  967:    case great_hall:
    #####:  968:      greatHallCard(state, currentPlayer, handPos);
call    0 never executed
    #####:  969:      return 0;   
        -:  970:		
        -:  971:    case minion:
        -:  972:      //+1 action
    #####:  973:      state->numActions++;
        -:  974:			
        -:  975:      //discard card from hand
    #####:  976:      discardCard(handPos, currentPlayer, state, 0);
call    0 never executed
        -:  977:			
    #####:  978:      if (choice1)		//+2 coins
branch  0 never executed
branch  1 never executed
        -:  979:	{
    #####:  980:	  state->coins = state->coins + 2;
        -:  981:	}
        -:  982:			
    #####:  983:      else if (choice2)		//discard hand, redraw 4, other players with 5+ cards discard hand and draw 4
branch  0 never executed
branch  1 never executed
        -:  984:	{
        -:  985:	  //discard hand
    #####:  986:	  while(numHandCards(state) > 0)
call    0 never executed
branch  1 never executed
branch  2 never executed
        -:  987:	    {
    #####:  988:	      discardCard(handPos, currentPlayer, state, 0);
call    0 never executed
        -:  989:	    }
        -:  990:				
        -:  991:	  //draw 4
    #####:  992:	  for (i = 0; i < 4; i++)
branch  0 never executed
branch  1 never executed
        -:  993:	    {
    #####:  994:	      drawCard(currentPlayer, state);
call    0 never executed
        -:  995:	    }
        -:  996:				
        -:  997:	  //other players discard hand and redraw if hand size > 4
    #####:  998:	  for (i = 0; i < state->numPlayers; i++)
branch  0 never executed
branch  1 never executed
        -:  999:	    {
    #####: 1000:	      if (i != currentPlayer)
branch  0 never executed
branch  1 never executed
        -: 1001:		{
    #####: 1002:		  if ( state->handCount[i] > 4 )
branch  0 never executed
branch  1 never executed
        -: 1003:		    {
        -: 1004:		      //discard hand
    #####: 1005:		      while( state->handCount[i] > 0 )
branch  0 never executed
branch  1 never executed
        -: 1006:			{
    #####: 1007:			  discardCard(handPos, i, state, 0);
call    0 never executed
        -: 1008:			}
        -: 1009:							
        -: 1010:		      //draw 4
    #####: 1011:		      for (j = 0; j < 4; j++)
branch  0 never executed
branch  1 never executed
        -: 1012:			{
    #####: 1013:			  drawCard(i, state);
call    0 never executed
        -: 1014:			}
        -: 1015:		    }
        -: 1016:		}
        -: 1017:	    }
        -: 1018:				
        -: 1019:	}
    #####: 1020:      return 0;
        -: 1021:		
        -: 1022:    case steward:
    #####: 1023:      if (choice1 == 1)
branch  0 never executed
branch  1 never executed
        -: 1024:	{
        -: 1025:	  //+2 cards
    #####: 1026:	  drawCard(currentPlayer, state);
call    0 never executed
    #####: 1027:	  drawCard(currentPlayer, state);
call    0 never executed
        -: 1028:	}
    #####: 1029:      else if (choice1 == 2)
branch  0 never executed
branch  1 never executed
        -: 1030:	{
        -: 1031:	  //+2 coins
    #####: 1032:	  state->coins = state->coins + 2;
        -: 1033:	}
        -: 1034:      else
        -: 1035:	{
        -: 1036:	  //trash 2 cards in hand
    #####: 1037:	  discardCard(choice2, currentPlayer, state, 1);
call    0 never executed
    #####: 1038:	  discardCard(choice3, currentPlayer, state, 1);
call    0 never executed
        -: 1039:	}
        -: 1040:			
        -: 1041:      //discard card from hand
    #####: 1042:      discardCard(handPos, currentPlayer, state, 0);
call    0 never executed
    #####: 1043:      return 0;
        -: 1044:		
        -: 1045:    case tribute:
    #####: 1046:      if ((state->discardCount[nextPlayer] + state->deckCount[nextPlayer]) <= 1){
branch  0 never executed
branch  1 never executed
    #####: 1047:	if (state->deckCount[nextPlayer] > 0){
branch  0 never executed
branch  1 never executed
    #####: 1048:	  tributeRevealedCards[0] = state->deck[nextPlayer][state->deckCount[nextPlayer]-1];
    #####: 1049:	  state->deckCount[nextPlayer]--;
        -: 1050:	}
    #####: 1051:	else if (state->discardCount[nextPlayer] > 0){
branch  0 never executed
branch  1 never executed
    #####: 1052:	  tributeRevealedCards[0] = state->discard[nextPlayer][state->discardCount[nextPlayer]-1];
    #####: 1053:	  state->discardCount[nextPlayer]--;
        -: 1054:	}
        -: 1055:	else{
        -: 1056:	  //No Card to Reveal
        -: 1057:	  if (DEBUG){
        -: 1058:	    printf("No cards to reveal\n");
        -: 1059:	  }
        -: 1060:	}
        -: 1061:      }
        -: 1062:	    
        -: 1063:      else{
    #####: 1064:	if (state->deckCount[nextPlayer] == 0){
branch  0 never executed
branch  1 never executed
    #####: 1065:	  for (i = 0; i < state->discardCount[nextPlayer]; i++){
branch  0 never executed
branch  1 never executed
    #####: 1066:	    state->deck[nextPlayer][i] = state->discard[nextPlayer][i];//Move to deck
    #####: 1067:	    state->deckCount[nextPlayer]++;
    #####: 1068:	    state->discard[nextPlayer][i] = -1;
    #####: 1069:	    state->discardCount[nextPlayer]--;
        -: 1070:	  }
        -: 1071:			    
    #####: 1072:	  shuffle(nextPlayer,state);//Shuffle the deck
call    0 never executed
        -: 1073:	} 
    #####: 1074:	tributeRevealedCards[0] = state->deck[nextPlayer][state->deckCount[nextPlayer]-1];
    #####: 1075:	state->deck[nextPlayer][state->deckCount[nextPlayer]--] = -1;
    #####: 1076:	state->deckCount[nextPlayer]--;
    #####: 1077:	tributeRevealedCards[1] = state->deck[nextPlayer][state->deckCount[nextPlayer]-1];
    #####: 1078:	state->deck[nextPlayer][state->deckCount[nextPlayer]--] = -1;
    #####: 1079:	state->deckCount[nextPlayer]--;
        -: 1080:      }    
        -: 1081:		       
    #####: 1082:      if (tributeRevealedCards[0] == tributeRevealedCards[1]){//If we have a duplicate card, just drop one 
branch  0 never executed
branch  1 never executed
    #####: 1083:	state->playedCards[state->playedCardCount] = tributeRevealedCards[1];
    #####: 1084:	state->playedCardCount++;
    #####: 1085:	tributeRevealedCards[1] = -1;
        -: 1086:      }
        -: 1087:
    #####: 1088:      for (i = 0; i <= 2; i ++){
branch  0 never executed
branch  1 never executed
    #####: 1089:	if (tributeRevealedCards[i] == copper || tributeRevealedCards[i] == silver || tributeRevealedCards[i] == gold){//Treasure cards
branch  0 never executed
branch  1 never executed
branch  2 never executed
branch  3 never executed
branch  4 never executed
branch  5 never executed
    #####: 1090:	  state->coins += 2;
        -: 1091:	}
        -: 1092:		    
    #####: 1093:	else if (tributeRevealedCards[i] == estate || tributeRevealedCards[i] == duchy || tributeRevealedCards[i] == province || tributeRevealedCards[i] == gardens || tributeRevealedCards[i] == great_hall){//Victory Card Found
branch  0 never executed
branch  1 never executed
branch  2 never executed
branch  3 never executed
branch  4 never executed
branch  5 never executed
branch  6 never executed
branch  7 never executed
branch  8 never executed
branch  9 never executed
    #####: 1094:	  drawCard(currentPlayer, state);
call    0 never executed
    #####: 1095:	  drawCard(currentPlayer, state);
call    0 never executed
        -: 1096:	}
        -: 1097:	else{//Action Card
    #####: 1098:	  state->numActions = state->numActions + 2;
        -: 1099:	}
        -: 1100:      }
        -: 1101:	    
    #####: 1102:      return 0;
        -: 1103:		
        -: 1104:    case ambassador:
    #####: 1105:      j = 0;		//used to check if player has enough cards to discard
        -: 1106:
    #####: 1107:      if (choice2 > 2 || choice2 < 0)
branch  0 never executed
branch  1 never executed
branch  2 never executed
branch  3 never executed
        -: 1108:	{
    #####: 1109:	  return -1;				
        -: 1110:	}
        -: 1111:
    #####: 1112:      if (choice1 == handPos)
branch  0 never executed
branch  1 never executed
        -: 1113:	{
    #####: 1114:	  return -1;
        -: 1115:	}
        -: 1116:
    #####: 1117:      for (i = 0; i < state->handCount[currentPlayer]; i++)
branch  0 never executed
branch  1 never executed
        -: 1118:	{
    #####: 1119:	  if (i != handPos && i == state->hand[currentPlayer][choice1] && i != choice1)
branch  0 never executed
branch  1 never executed
branch  2 never executed
branch  3 never executed
branch  4 never executed
branch  5 never executed
        -: 1120:	    {
    #####: 1121:	      j++;
        -: 1122:	    }
        -: 1123:	}
    #####: 1124:      if (j < choice2)
branch  0 never executed
branch  1 never executed
        -: 1125:	{
    #####: 1126:	  return -1;				
        -: 1127:	}
        -: 1128:
        -: 1129:      if (DEBUG) 
        -: 1130:	printf("Player %d reveals card number: %d\n", currentPlayer, state->hand[currentPlayer][choice1]);
        -: 1131:
        -: 1132:      //increase supply count for choosen card by amount being discarded
    #####: 1133:      state->supplyCount[state->hand[currentPlayer][choice1]] += choice2;
        -: 1134:			
        -: 1135:      //each other player gains a copy of revealed card
    #####: 1136:      for (i = 0; i < state->numPlayers; i++)
branch  0 never executed
branch  1 never executed
        -: 1137:	{
    #####: 1138:	  if (i != currentPlayer)
branch  0 never executed
branch  1 never executed
        -: 1139:	    {
    #####: 1140:	      gainCard(state->hand[currentPlayer][choice1], state, 0, i);
call    0 never executed
        -: 1141:	    }
        -: 1142:	}
        -: 1143:
        -: 1144:      //discard played card from hand
    #####: 1145:      discardCard(handPos, currentPlayer, state, 0);			
call    0 never executed
        -: 1146:
        -: 1147:      //trash copies of cards returned to supply
    #####: 1148:      for (j = 0; j < choice2; j++)
branch  0 never executed
branch  1 never executed
        -: 1149:	{
    #####: 1150:	  for (i = 0; i < state->handCount[currentPlayer]; i++)
branch  0 never executed
branch  1 never executed
        -: 1151:	    {
    #####: 1152:	      if (state->hand[currentPlayer][i] == state->hand[currentPlayer][choice1])
branch  0 never executed
branch  1 never executed
        -: 1153:		{
    #####: 1154:		  discardCard(i, currentPlayer, state, 1);
call    0 never executed
    #####: 1155:		  break;
        -: 1156:		}
        -: 1157:	    }
        -: 1158:	}			
        -: 1159:
    #####: 1160:      return 0;
        -: 1161:		
        -: 1162:    case cutpurse:
        -: 1163:
    #####: 1164:      updateCoins(currentPlayer, state, 2);
call    0 never executed
    #####: 1165:      for (i = 0; i < state->numPlayers; i++)
branch  0 never executed
branch  1 never executed
        -: 1166:	{
    #####: 1167:	  if (i != currentPlayer)
branch  0 never executed
branch  1 never executed
        -: 1168:	    {
    #####: 1169:	      for (j = 0; j < state->handCount[i]; j++)
branch  0 never executed
branch  1 never executed
        -: 1170:		{
    #####: 1171:		  if (state->hand[i][j] == copper)
branch  0 never executed
branch  1 never executed
        -: 1172:		    {
    #####: 1173:		      discardCard(j, i, state, 0);
call    0 never executed
    #####: 1174:		      break;
        -: 1175:		    }
    #####: 1176:		  if (j == state->handCount[i])
branch  0 never executed
branch  1 never executed
        -: 1177:		    {
    #####: 1178:		      for (k = 0; k < state->handCount[i]; k++)
branch  0 never executed
branch  1 never executed
        -: 1179:			{
        -: 1180:			  if (DEBUG)
        -: 1181:			    printf("Player %d reveals card number %d\n", i, state->hand[i][k]);
        -: 1182:			}	
    #####: 1183:		      break;
        -: 1184:		    }		
        -: 1185:		}
        -: 1186:					
        -: 1187:	    }
        -: 1188:				
        -: 1189:	}				
        -: 1190:
        -: 1191:      //discard played card from hand
    #####: 1192:      discardCard(handPos, currentPlayer, state, 0);			
call    0 never executed
        -: 1193:
    #####: 1194:      return 0;
        -: 1195:
        -: 1196:		
        -: 1197:    case embargo: 
        -: 1198:      //+2 Coins
    #####: 1199:      state->coins = state->coins + 2;
        -: 1200:			
        -: 1201:      //see if selected pile is in play
    #####: 1202:      if ( state->supplyCount[choice1] == -1 )
branch  0 never executed
branch  1 never executed
        -: 1203:	{
    #####: 1204:	  return -1;
        -: 1205:	}
        -: 1206:			
        -: 1207:      //add embargo token to selected supply pile
    #####: 1208:      state->embargoTokens[choice1]++;
        -: 1209:			
        -: 1210:      //trash card
    #####: 1211:      discardCard(handPos, currentPlayer, state, 1);		
call    0 never executed
    #####: 1212:      return 0;
        -: 1213:		
        -: 1214:    case outpost:
        -: 1215:      //set outpost flag
    #####: 1216:      state->outpostPlayed++;
        -: 1217:			
        -: 1218:      //discard card
    #####: 1219:      discardCard(handPos, currentPlayer, state, 0);
call    0 never executed
    #####: 1220:      return 0;
        -: 1221:		
        -: 1222:    case salvager:
        -: 1223:      //+1 buy
    #####: 1224:      state->numBuys++;
        -: 1225:			
    #####: 1226:      if (choice1)
branch  0 never executed
branch  1 never executed
        -: 1227:	{
        -: 1228:	  //gain coins equal to trashed card
    #####: 1229:	  state->coins = state->coins + getCost( handCard(choice1, state) );
call    0 never executed
call    1 never executed
        -: 1230:	  //trash card
    #####: 1231:	  discardCard(choice1, currentPlayer, state, 1);	
call    0 never executed
        -: 1232:	}
        -: 1233:			
        -: 1234:      //discard card
    #####: 1235:      discardCard(handPos, currentPlayer, state, 0);
call    0 never executed
    #####: 1236:      return 0;
        -: 1237:		
        -: 1238:    case sea_hag:
    #####: 1239:      for (i = 0; i < state->numPlayers; i++){
branch  0 never executed
branch  1 never executed
    #####: 1240:	if (i != currentPlayer){
branch  0 never executed
branch  1 never executed
    #####: 1241:	  state->discard[i][state->discardCount[i]] = state->deck[i][state->deckCount[i]--];			    state->deckCount[i]--;
    #####: 1242:	  state->discardCount[i]++;
    #####: 1243:	  state->deck[i][state->deckCount[i]--] = curse;//Top card now a curse
        -: 1244:	}
        -: 1245:      }
    #####: 1246:      return 0;
        -: 1247:		
        -: 1248:    case treasure_map:
        -: 1249:      //search hand for another treasure_map
    #####: 1250:      index = -1;
    #####: 1251:      for (i = 0; i < state->handCount[currentPlayer]; i++)
branch  0 never executed
branch  1 never executed
        -: 1252:	{
    #####: 1253:	  if (state->hand[currentPlayer][i] == treasure_map && i != handPos)
branch  0 never executed
branch  1 never executed
branch  2 never executed
branch  3 never executed
        -: 1254:	    {
    #####: 1255:	      index = i;
    #####: 1256:	      break;
        -: 1257:	    }
        -: 1258:	}
    #####: 1259:      if (index > -1)
branch  0 never executed
branch  1 never executed
        -: 1260:	{
        -: 1261:	  //trash both treasure cards
    #####: 1262:	  discardCard(handPos, currentPlayer, state, 1);
call    0 never executed
    #####: 1263:	  discardCard(index, currentPlayer, state, 1);
call    0 never executed
        -: 1264:
        -: 1265:	  //gain 4 Gold cards
    #####: 1266:	  for (i = 0; i < 4; i++)
branch  0 never executed
branch  1 never executed
        -: 1267:	    {
    #####: 1268:	      gainCard(gold, state, 1, currentPlayer);
call    0 never executed
        -: 1269:	    }
        -: 1270:				
        -: 1271:	  //return success
    #####: 1272:	  return 1;
        -: 1273:	}
        -: 1274:			
        -: 1275:      //no second treasure_map found in hand
    #####: 1276:      return -1;
        -: 1277:    }
        -: 1278:	
    #####: 1279:  return -1;
        -: 1280:}
        -: 1281:
function discardCard called 0 returned 0% blocks executed 0%
    #####: 1282:int discardCard(int handPos, int currentPlayer, struct gameState *state, int trashFlag)
        -: 1283:{
        -: 1284:	
        -: 1285:  //if card is not trashed, added to Played pile 
    #####: 1286:  if (trashFlag < 1)
branch  0 never executed
branch  1 never executed
        -: 1287:    {
        -: 1288:      //add card to played pile
    #####: 1289:      state->playedCards[state->playedCardCount] = state->hand[currentPlayer][handPos]; 
    #####: 1290:      state->playedCardCount++;
        -: 1291:    }
        -: 1292:	
        -: 1293:  //set played card to -1
    #####: 1294:  state->hand[currentPlayer][handPos] = -1;
        -: 1295:	
        -: 1296:  //remove card from player's hand
    #####: 1297:  if ( handPos == (state->handCount[currentPlayer] - 1) ) 	//last card in hand array is played
branch  0 never executed
branch  1 never executed
        -: 1298:    {
        -: 1299:      //reduce number of cards in hand
    #####: 1300:      state->handCount[currentPlayer]--;
        -: 1301:    }
    #####: 1302:  else if ( state->handCount[currentPlayer] == 1 ) //only one card in hand
branch  0 never executed
branch  1 never executed
        -: 1303:    {
        -: 1304:      //reduce number of cards in hand
    #####: 1305:      state->handCount[currentPlayer]--;
        -: 1306:    }
        -: 1307:  else 	
        -: 1308:    {
        -: 1309:      //replace discarded card with last card in hand
    #####: 1310:      state->hand[currentPlayer][handPos] = state->hand[currentPlayer][ (state->handCount[currentPlayer] - 1)];
        -: 1311:      //set last card to -1
    #####: 1312:      state->hand[currentPlayer][state->handCount[currentPlayer] - 1] = -1;
        -: 1313:      //reduce number of cards in hand
    #####: 1314:      state->handCount[currentPlayer]--;
        -: 1315:    }
        -: 1316:	
    #####: 1317:  return 0;
        -: 1318:}
        -: 1319:
function gainCard called 0 returned 0% blocks executed 0%
    #####: 1320:int gainCard(int supplyPos, struct gameState *state, int toFlag, int player)
        -: 1321:{
        -: 1322:  //Note: supplyPos is enum of choosen card
        -: 1323:	
        -: 1324:  //check if supply pile is empty (0) or card is not used in game (-1)
    #####: 1325:  if ( supplyCount(supplyPos, state) < 1 )
call    0 never executed
branch  1 never executed
branch  2 never executed
        -: 1326:    {
    #####: 1327:      return -1;
        -: 1328:    }
        -: 1329:	
        -: 1330:  //added card for [whoseTurn] current player:
        -: 1331:  // toFlag = 0 : add to discard
        -: 1332:  // toFlag = 1 : add to deck
        -: 1333:  // toFlag = 2 : add to hand
        -: 1334:
    #####: 1335:  if (toFlag == 1)
branch  0 never executed
branch  1 never executed
        -: 1336:    {
    #####: 1337:      state->deck[ player ][ state->deckCount[player] ] = supplyPos;
    #####: 1338:      state->deckCount[player]++;
        -: 1339:    }
    #####: 1340:  else if (toFlag == 2)
branch  0 never executed
branch  1 never executed
        -: 1341:    {
    #####: 1342:      state->hand[ player ][ state->handCount[player] ] = supplyPos;
    #####: 1343:      state->handCount[player]++;
        -: 1344:    }
        -: 1345:  else
        -: 1346:    {
    #####: 1347:      state->discard[player][ state->discardCount[player] ] = supplyPos;
    #####: 1348:      state->discardCount[player]++;
        -: 1349:    }
        -: 1350:	
        -: 1351:  //decrease number in supply pile
    #####: 1352:  state->supplyCount[supplyPos]--;
        -: 1353:	 
    #####: 1354:  return 0;
        -: 1355:}
        -: 1356:
function updateCoins called 5000 returned 100% blocks executed 82%
     5000: 1357:int updateCoins(int player, struct gameState *state, int bonus)
        -: 1358:{
        -: 1359:  int i;
        -: 1360:	
        -: 1361:  //reset coin count
     5000: 1362:  state->coins = 0;
        -: 1363:
        -: 1364:  //add coins for each Treasure card in player's hand
    30000: 1365:  for (i = 0; i < state->handCount[player]; i++)
branch  0 taken 83%
branch  1 taken 17% (fallthrough)
        -: 1366:    {
    25000: 1367:      if (state->hand[player][i] == copper)
branch  0 taken 77% (fallthrough)
branch  1 taken 23%
        -: 1368:	{
    19228: 1369:	  state->coins += 1;
        -: 1370:	}
     5772: 1371:      else if (state->hand[player][i] == silver)
branch  0 taken 0% (fallthrough)
branch  1 taken 100%
        -: 1372:	{
    #####: 1373:	  state->coins += 2;
        -: 1374:	}
     5772: 1375:      else if (state->hand[player][i] == gold)
branch  0 taken 0% (fallthrough)
branch  1 taken 100%
        -: 1376:	{
    #####: 1377:	  state->coins += 3;
        -: 1378:	}	
        -: 1379:    }	
        -: 1380:
        -: 1381:  //add bonus
     5000: 1382:  state->coins += bonus;
        -: 1383:
     5000: 1384:  return 0;
        -: 1385:}
        -: 1386:
        -: 1387:
        -: 1388://end of dominion.c
        -: 1389:
